<?xml version="1.0" encoding="UTF-8"?>
<testsuite xmlns:xsi="http://www.w3.org/2001/XMLSchema-instance" xsi:noNamespaceSchemaLocation="https://maven.apache.org/surefire/maven-surefire-plugin/xsd/surefire-test-report-3.0.xsd" version="3.0" name="mx.com.vepormas.pruebas.ejemplo.CuentaTest" time="0.238" tests="7" errors="0" skipped="0" failures="0">
  <properties>
[...]
</properties>
  <testcase name="testCreditoCuenta" classname="mx.com.vepormas.pruebas.ejemplo.CuentaTest" time="0.1">
    <system-out><![CDATA[Iniciando pruebas

Test ejecutado
]]></system-out>
  </testcase>
  <testcase name="testDebitoCuenta" classname="mx.com.vepormas.pruebas.ejemplo.CuentaTest" time="0.003">
    <system-out><![CDATA[Test ejecutado
]]></system-out>
  </testcase>
  <testcase name="testTransferirDineroCuentas" classname="mx.com.vepormas.pruebas.ejemplo.CuentaTest" time="0.003">
    <system-out><![CDATA[Test ejecutado
]]></system-out>
  </testcase>
  <testcase name="testSaldoCuenta" classname="mx.com.vepormas.pruebas.ejemplo.CuentaTest" time="0.003">
    <system-out><![CDATA[Test ejecutado
]]></system-out>
  </testcase>
  <testcase name="DineroInsuficienteException" classname="mx.com.vepormas.pruebas.ejemplo.CuentaTest" time="0.006">
    <system-out><![CDATA[Test ejecutado
]]></system-out>
  </testcase>
  <testcase name="testRelacionBancoCuentas" classname="mx.com.vepormas.pruebas.ejemplo.CuentaTest" time="0.012">
    <system-out><![CDATA[Test ejecutado
]]></system-out>
  </testcase>
  <testcase name="testNombreCuenta" classname="mx.com.vepormas.pruebas.ejemplo.CuentaTest" time="0.002">
    <system-out><![CDATA[Test ejecutado
]]></system-out>
  </testcase>
</testsuite>